<?xml version="1.0" encoding="UTF-8"?>
<!-- Generated by org.testng.reporters.JUnitReportReporter -->
<testsuite hostname="ip-172-31-4-24" failures="0" tests="1" name="currency.currencySelectionProject" time="11.970" errors="0" timestamp="2023-08-31T10:58:23 UTC" skipped="0">
  <testcase classname="currency.currencySelectionProject" name="currency" time="11.970"/>
</testsuite> <!-- currency.currencySelectionProject -->
