<?xml version="1.0" encoding="UTF-8"?>
<!-- Generated by org.testng.reporters.JUnitReportReporter -->
<testsuite hostname="ip-172-31-4-24" failures="0" tests="21" name="IntegrationPart.Computermain" time="254.553" errors="0" timestamp="2023-09-04T08:17:16 UTC" skipped="0">
  <testcase classname="IntegrationPart.Computermain" name="Register" time="18.243"/>
  <testcase classname="IntegrationPart.Computermain" name="Login" time="8.028"/>
  <testcase classname="IntegrationPart.Computermain" name="Currency" time="3.223"/>
  <testcase classname="IntegrationPart.Computermain" name="Comparelist" time="25.685"/>
  <testcase classname="IntegrationPart.Computermain" name="Notebookclick" time="7.215"/>
  <testcase classname="IntegrationPart.Computermain" name="Notebooksortby" time="9.468"/>
  <testcase classname="IntegrationPart.Computermain" name="Notebookfeatures" time="21.634"/>
  <testcase classname="IntegrationPart.Computermain" name="ShoppingcartandWishlist" time="6.206"/>
  <testcase classname="IntegrationPart.Computermain" name="Emailfeatures" time="17.181"/>
  <testcase classname="IntegrationPart.Computermain" name="ShoeClick" time="7.387"/>
  <testcase classname="IntegrationPart.Computermain" name="shoesSortBy" time="7.053"/>
  <testcase classname="IntegrationPart.Computermain" name="reviewShoes" time="13.500"/>
  <testcase classname="IntegrationPart.Computermain" name="shoe1SizeAndColorSelection" time="6.314"/>
  <testcase classname="IntegrationPart.Computermain" name="shoesAddToCartAndWishList" time="28.924"/>
  <testcase classname="IntegrationPart.Computermain" name="searchbar" time="6.816"/>
  <testcase classname="IntegrationPart.Computermain" name="Cellphoneshipping" time="6.127"/>
  <testcase classname="IntegrationPart.Computermain" name="CellphoneAddtocartandWishlist" time="10.090"/>
  <testcase classname="IntegrationPart.Computermain" name="Wishlist" time="13.689"/>
  <testcase classname="IntegrationPart.Computermain" name="Checkout" time="36.578"/>
  <testcase classname="IntegrationPart.Computermain" name="Screenshot" time="0.147"/>
  <testcase classname="IntegrationPart.Computermain" name="logout" time="1.045"/>
</testsuite> <!-- IntegrationPart.Computermain -->
