<?xml version="1.0" encoding="UTF-8"?>
<!-- Generated by org.testng.reporters.JUnitReportReporter -->
<testsuite hostname="ip-172-31-4-24" failures="0" tests="5" name="downBarHomePage.CustomerServiceRunner" time="42.814" errors="0" timestamp="2023-09-03T08:20:50 UTC" skipped="0">
  <testcase classname="downBarHomePage.CustomerServiceRunner" name="searchKeyWord" time="16.023"/>
  <testcase classname="downBarHomePage.CustomerServiceRunner" name="newsFunction" time="9.474"/>
  <testcase classname="downBarHomePage.CustomerServiceRunner" name="RecentlyViewedProducts" time="6.722"/>
  <testcase classname="downBarHomePage.CustomerServiceRunner" name="ComparedList" time="5.649"/>
  <testcase classname="downBarHomePage.CustomerServiceRunner" name="NewProductsFunction" time="4.946"/>
</testsuite> <!-- downBarHomePage.CustomerServiceRunner -->
