<?xml version="1.0" encoding="UTF-8"?>
<!-- Generated by org.testng.reporters.JUnitReportReporter -->
<testsuite hostname="ip-172-31-4-24" failures="0" tests="1" name="apparels.sampletest" time="14.130" errors="0" timestamp="2023-09-01T05:23:18 UTC" skipped="0">
  <testcase classname="apparels.sampletest" name="samplet" time="14.130"/>
</testsuite> <!-- apparels.sampletest -->
