<?xml version="1.0" encoding="UTF-8"?>
<!-- Generated by org.testng.reporters.JUnitReportReporter -->
<testsuite hostname="ip-172-31-4-24" failures="0" tests="6" name="apparels.runnshoes" time="55.393" errors="0" timestamp="2023-09-02T14:59:50 UTC" skipped="0">
  <testcase classname="apparels.runnshoes" name="accessoriesBeltSelectFunction" time="15.276"/>
  <testcase classname="apparels.runnshoes" name="beltReviewFunction" time="12.735"/>
  <testcase classname="apparels.runnshoes" name="beltCountSelection" time="2.200"/>
  <testcase classname="apparels.runnshoes" name="beltShippment" time="6.776"/>
  <testcase classname="apparels.runnshoes" name="beltAddtoCartandWishlist" time="8.862"/>
  <testcase classname="apparels.runnshoes" name="beltEmailAFriend" time="9.544"/>
</testsuite> <!-- apparels.runnshoes -->
