<?xml version="1.0" encoding="UTF-8"?>
<!-- Generated by org.testng.reporters.JUnitReportReporter -->
<testsuite hostname="ip-172-31-4-24" failures="0" tests="5" name="downBarHomePage.CustomerServiceRunner" time="44.672" errors="0" timestamp="2023-09-03T15:49:38 UTC" skipped="0">
  <testcase classname="downBarHomePage.CustomerServiceRunner" name="searchKeyWord" time="19.422"/>
  <testcase classname="downBarHomePage.CustomerServiceRunner" name="newsFunction" time="8.423"/>
  <testcase classname="downBarHomePage.CustomerServiceRunner" name="RecentlyViewedProducts" time="6.599"/>
  <testcase classname="downBarHomePage.CustomerServiceRunner" name="ComparedList" time="5.555"/>
  <testcase classname="downBarHomePage.CustomerServiceRunner" name="NewProductsFunction" time="4.673"/>
</testsuite> <!-- downBarHomePage.CustomerServiceRunner -->
