<?xml version="1.0" encoding="UTF-8"?>
<!-- Generated by org.testng.reporters.JUnitReportReporter -->
<testsuite hostname="ip-172-31-4-24" failures="0" tests="1" name="apparels.sampletest" time="15.231" errors="0" timestamp="2023-08-30T17:22:58 UTC" skipped="0">
  <testcase classname="apparels.sampletest" name="samplet" time="15.231"/>
</testsuite> <!-- apparels.sampletest -->
